d:\.privateownership\___учебное___\значащие работы и файлы\диплом\мой диплом и отчёты\volundarhus (project)\volundarhus\release\volundarhus.pch
d:\.privateownership\___учебное___\значащие работы и файлы\диплом\мой диплом и отчёты\volundarhus (project)\volundarhus\release\vc141.pdb
d:\.privateownership\___учебное___\значащие работы и файлы\диплом\мой диплом и отчёты\volundarhus (project)\volundarhus\release\stdafx.obj
d:\.privateownership\___учебное___\значащие работы и файлы\диплом\мой диплом и отчёты\volundarhus (project)\volundarhus\release\main.obj
d:\.privateownership\___учебное___\значащие работы и файлы\диплом\мой диплом и отчёты\volundarhus (project)\volundarhus\release\item.obj
d:\.privateownership\___учебное___\значащие работы и файлы\диплом\мой диплом и отчёты\volundarhus (project)\volundarhus\release\inventory.obj
d:\.privateownership\___учебное___\значащие работы и файлы\диплом\мой диплом и отчёты\volundarhus (project)\volundarhus\release\hitboxcomponent.obj
d:\.privateownership\___учебное___\значащие работы и файлы\диплом\мой диплом и отчёты\volundarhus (project)\volundarhus\release\gamestate.obj
d:\.privateownership\___учебное___\значащие работы и файлы\диплом\мой диплом и отчёты\volundarhus (project)\volundarhus\release\game.obj
d:\.privateownership\___учебное___\значащие работы и файлы\диплом\мой диплом и отчёты\volundarhus (project)\volundarhus\release\entity.obj
d:\.privateownership\___учебное___\значащие работы и файлы\диплом\мой диплом и отчёты\volundarhus (project)\volundarhus\release\editorstate.obj
d:\.privateownership\___учебное___\значащие работы и файлы\диплом\мой диплом и отчёты\volundarhus (project)\volundarhus\release\gui.obj
d:\.privateownership\___учебное___\значащие работы и файлы\диплом\мой диплом и отчёты\volundarhus (project)\volundarhus\release\graphicssettings.obj
d:\.privateownership\___учебное___\значащие работы и файлы\диплом\мой диплом и отчёты\volundarhus (project)\volundarhus\release\enemysystem.obj
d:\.privateownership\___учебное___\значащие работы и файлы\диплом\мой диплом и отчёты\volundarhus (project)\volundarhus\release\enemyspawnertile.obj
d:\.privateownership\___учебное___\значащие работы и файлы\диплом\мой диплом и отчёты\volundarhus (project)\volundarhus\release\enemyeditormode.obj
d:\.privateownership\___учебное___\значащие работы и файлы\диплом\мой диплом и отчёты\volundarhus (project)\volundarhus\release\enemy.obj
d:\.privateownership\___учебное___\значащие работы и файлы\диплом\мой диплом и отчёты\volundarhus (project)\volundarhus\release\editormode.obj
d:\.privateownership\___учебное___\значащие работы и файлы\диплом\мой диплом и отчёты\volundarhus (project)\volundarhus\release\defaulteditormode.obj
d:\.privateownership\___учебное___\значащие работы и файлы\диплом\мой диплом и отчёты\volundarhus (project)\volundarhus\release\charactertab.obj
d:\.privateownership\___учебное___\значащие работы и файлы\диплом\мой диплом и отчёты\volundarhus (project)\volundarhus\release\boardkey.obj
d:\.privateownership\___учебное___\значащие работы и файлы\диплом\мой диплом и отчёты\volundarhus (project)\volundarhus\release\attributecomponent.obj
d:\.privateownership\___учебное___\значащие работы и файлы\диплом\мой диплом и отчёты\volundarhus (project)\volundarhus\release\animationcomponent.obj
d:\.privateownership\___учебное___\значащие работы и файлы\диплом\мой диплом и отчёты\volundarhus (project)\volundarhus\release\tilemap.obj
d:\.privateownership\___учебное___\значащие работы и файлы\диплом\мой диплом и отчёты\volundarhus (project)\volundarhus\release\tile.obj
d:\.privateownership\___учебное___\значащие работы и файлы\диплом\мой диплом и отчёты\volundarhus (project)\volundarhus\release\texttagsystem.obj
d:\.privateownership\___учебное___\значащие работы и файлы\диплом\мой диплом и отчёты\volundarhus (project)\volundarhus\release\tab.obj
d:\.privateownership\___учебное___\значащие работы и файлы\диплом\мой диплом и отчёты\volundarhus (project)\volundarhus\release\state.obj
d:\.privateownership\___учебное___\значащие работы и файлы\диплом\мой диплом и отчёты\volundarhus (project)\volundarhus\release\settingsstate.obj
d:\.privateownership\___учебное___\значащие работы и файлы\диплом\мой диплом и отчёты\volundarhus (project)\volundarhus\release\player.obj
d:\.privateownership\___учебное___\значащие работы и файлы\диплом\мой диплом и отчёты\volundarhus (project)\volundarhus\release\spikes.obj
d:\.privateownership\___учебное___\значащие работы и файлы\диплом\мой диплом и отчёты\volundarhus (project)\volundarhus\release\regulartile.obj
d:\.privateownership\___учебное___\значащие работы и файлы\диплом\мой диплом и отчёты\volundarhus (project)\volundarhus\release\rat.obj
d:\.privateownership\___учебное___\значащие работы и файлы\диплом\мой диплом и отчёты\volundarhus (project)\volundarhus\release\playerguitabs.obj
d:\.privateownership\___учебное___\значащие работы и файлы\диплом\мой диплом и отчёты\volundarhus (project)\volundarhus\release\playergui.obj
d:\.privateownership\___учебное___\значащие работы и файлы\диплом\мой диплом и отчёты\volundarhus (project)\volundarhus\release\pausemenu.obj
d:\.privateownership\___учебное___\значащие работы и файлы\диплом\мой диплом и отчёты\volundarhus (project)\volundarhus\release\movementcomponent.obj
d:\.privateownership\___учебное___\значащие работы и файлы\диплом\мой диплом и отчёты\volundarhus (project)\volundarhus\release\mainmenustate.obj
d:\.privateownership\___учебное___\значащие работы и файлы\диплом\мой диплом и отчёты\volundarhus (project)\release\volundarhus.exe
d:\.privateownership\___учебное___\значащие работы и файлы\диплом\мой диплом и отчёты\volundarhus (project)\release\volundarhus.pdb
d:\.privateownership\___учебное___\значащие работы и файлы\диплом\мой диплом и отчёты\volundarhus (project)\volundarhus\release\volundarhus1.res
d:\.privateownership\___учебное___\значащие работы и файлы\диплом\мой диплом и отчёты\volundarhus (project)\release\volundarhus.ipdb
d:\.privateownership\___учебное___\значащие работы и файлы\диплом\мой диплом и отчёты\volundarhus (project)\release\volundarhus.iobj
d:\.privateownership\___учебное___\значащие работы и файлы\диплом\мой диплом и отчёты\volundarhus (project)\volundarhus\release\volundarhus.tlog\cl.command.1.tlog
d:\.privateownership\___учебное___\значащие работы и файлы\диплом\мой диплом и отчёты\volundarhus (project)\volundarhus\release\volundarhus.tlog\cl.read.1.tlog
d:\.privateownership\___учебное___\значащие работы и файлы\диплом\мой диплом и отчёты\volundarhus (project)\volundarhus\release\volundarhus.tlog\cl.write.1.tlog
d:\.privateownership\___учебное___\значащие работы и файлы\диплом\мой диплом и отчёты\volundarhus (project)\volundarhus\release\volundarhus.tlog\link.command.1.tlog
d:\.privateownership\___учебное___\значащие работы и файлы\диплом\мой диплом и отчёты\volundarhus (project)\volundarhus\release\volundarhus.tlog\link.read.1.tlog
d:\.privateownership\___учебное___\значащие работы и файлы\диплом\мой диплом и отчёты\volundarhus (project)\volundarhus\release\volundarhus.tlog\link.write.1.tlog
d:\.privateownership\___учебное___\значащие работы и файлы\диплом\мой диплом и отчёты\volundarhus (project)\volundarhus\release\volundarhus.tlog\rc.command.1.tlog
d:\.privateownership\___учебное___\значащие работы и файлы\диплом\мой диплом и отчёты\volundarhus (project)\volundarhus\release\volundarhus.tlog\rc.read.1.tlog
d:\.privateownership\___учебное___\значащие работы и файлы\диплом\мой диплом и отчёты\volundarhus (project)\volundarhus\release\volundarhus.tlog\rc.write.1.tlog
d:\.privateownership\___учебное___\значащие работы и файлы\диплом\мой диплом и отчёты\volundarhus (project)\volundarhus\release\volundarhus.tlog\volundarhus.write.1u.tlog
