d:\download\volundarhus (project)\volundarhus\debug\volundarhus.pch
d:\download\volundarhus (project)\volundarhus\debug\vc141.pdb
d:\download\volundarhus (project)\volundarhus\debug\vc141.idb
d:\download\volundarhus (project)\volundarhus\debug\stdafx.obj
d:\download\volundarhus (project)\volundarhus\debug\item.obj
d:\download\volundarhus (project)\volundarhus\debug\inventory.obj
d:\download\volundarhus (project)\volundarhus\debug\hitboxcomponent.obj
d:\download\volundarhus (project)\volundarhus\debug\entity.obj
d:\download\volundarhus (project)\volundarhus\debug\gui.obj
d:\download\volundarhus (project)\volundarhus\debug\graphicssettings.obj
d:\download\volundarhus (project)\volundarhus\debug\enemysystem.obj
d:\download\volundarhus (project)\volundarhus\debug\enemyspawnertile.obj
d:\download\volundarhus (project)\volundarhus\debug\enemyeditormode.obj
d:\download\volundarhus (project)\volundarhus\debug\enemy.obj
d:\download\volundarhus (project)\volundarhus\debug\editormode.obj
d:\download\volundarhus (project)\volundarhus\debug\defaulteditormode.obj
d:\download\volundarhus (project)\volundarhus\debug\charactertab.obj
d:\download\volundarhus (project)\volundarhus\debug\boardkey.obj
d:\download\volundarhus (project)\volundarhus\debug\attributecomponent.obj
d:\download\volundarhus (project)\volundarhus\debug\animationcomponent.obj
d:\download\volundarhus (project)\volundarhus\debug\tilemap.obj
d:\download\volundarhus (project)\volundarhus\debug\tile.obj
d:\download\volundarhus (project)\volundarhus\debug\texttagsystem.obj
d:\download\volundarhus (project)\volundarhus\debug\tab.obj
d:\download\volundarhus (project)\volundarhus\debug\state.obj
d:\download\volundarhus (project)\volundarhus\debug\player.obj
d:\download\volundarhus (project)\volundarhus\debug\spikes.obj
d:\download\volundarhus (project)\volundarhus\debug\regulartile.obj
d:\download\volundarhus (project)\volundarhus\debug\rat.obj
d:\download\volundarhus (project)\volundarhus\debug\playerguitabs.obj
d:\download\volundarhus (project)\volundarhus\debug\playergui.obj
d:\download\volundarhus (project)\volundarhus\debug\pausemenu.obj
d:\download\volundarhus (project)\volundarhus\debug\movementcomponent.obj
d:\download\volundarhus (project)\volundarhus\debug\volundarhus.tlog\cl.command.1.tlog
d:\download\volundarhus (project)\volundarhus\debug\volundarhus.tlog\cl.read.1.tlog
d:\download\volundarhus (project)\volundarhus\debug\volundarhus.tlog\cl.write.1.tlog
